<?xml version="1.0" encoding="UTF-8"?>
<testsuite xmlns:xsi="http://www.w3.org/2001/XMLSchema-instance" xsi:noNamespaceSchemaLocation="https://maven.apache.org/surefire/maven-surefire-plugin/xsd/surefire-test-report.xsd" name="codeurjc.ApplicationTests" time="0.367" tests="1" errors="1" skipped="0" failures="0">
  <properties>
    <property name="java.specification.version" value="16"/>
    <property name="sun.jnu.encoding" value="UTF-8"/>
    <property name="java.class.path" value="/Users/javiergarciagonzalez/Documents/Master Cloud Apps/Materia/Modulo 2/1. Tecnologias de servicios de internet/Practica2/recuperacion/master-cloud-apps_M4-A4-Databases-make-up/Java/target/test-classes:/Users/javiergarciagonzalez/Documents/Master Cloud Apps/Materia/Modulo 2/1. Tecnologias de servicios de internet/Practica2/recuperacion/master-cloud-apps_M4-A4-Databases-make-up/Java/target/classes:/Users/javiergarciagonzalez/.m2/repository/org/springframework/boot/spring-boot-starter-web/2.4.0/spring-boot-starter-web-2.4.0.jar:/Users/javiergarciagonzalez/.m2/repository/org/springframework/boot/spring-boot-starter/2.4.0/spring-boot-starter-2.4.0.jar:/Users/javiergarciagonzalez/.m2/repository/org/springframework/boot/spring-boot-starter-logging/2.4.0/spring-boot-starter-logging-2.4.0.jar:/Users/javiergarciagonzalez/.m2/repository/ch/qos/logback/logback-classic/1.2.3/logback-classic-1.2.3.jar:/Users/javiergarciagonzalez/.m2/repository/ch/qos/logback/logback-core/1.2.3/logback-core-1.2.3.jar:/Users/javiergarciagonzalez/.m2/repository/org/apache/logging/log4j/log4j-to-slf4j/2.13.3/log4j-to-slf4j-2.13.3.jar:/Users/javiergarciagonzalez/.m2/repository/org/apache/logging/log4j/log4j-api/2.13.3/log4j-api-2.13.3.jar:/Users/javiergarciagonzalez/.m2/repository/org/slf4j/jul-to-slf4j/1.7.30/jul-to-slf4j-1.7.30.jar:/Users/javiergarciagonzalez/.m2/repository/jakarta/annotation/jakarta.annotation-api/1.3.5/jakarta.annotation-api-1.3.5.jar:/Users/javiergarciagonzalez/.m2/repository/org/yaml/snakeyaml/1.27/snakeyaml-1.27.jar:/Users/javiergarciagonzalez/.m2/repository/org/springframework/boot/spring-boot-starter-json/2.4.0/spring-boot-starter-json-2.4.0.jar:/Users/javiergarciagonzalez/.m2/repository/com/fasterxml/jackson/core/jackson-databind/2.11.3/jackson-databind-2.11.3.jar:/Users/javiergarciagonzalez/.m2/repository/com/fasterxml/jackson/core/jackson-annotations/2.11.3/jackson-annotations-2.11.3.jar:/Users/javiergarciagonzalez/.m2/repository/com/fasterxml/jackson/datatype/jackson-datatype-jdk8/2.11.3/jackson-datatype-jdk8-2.11.3.jar:/Users/javiergarciagonzalez/.m2/repository/com/fasterxml/jackson/datatype/jackson-datatype-jsr310/2.11.3/jackson-datatype-jsr310-2.11.3.jar:/Users/javiergarciagonzalez/.m2/repository/com/fasterxml/jackson/module/jackson-module-parameter-names/2.11.3/jackson-module-parameter-names-2.11.3.jar:/Users/javiergarciagonzalez/.m2/repository/org/springframework/boot/spring-boot-starter-tomcat/2.4.0/spring-boot-starter-tomcat-2.4.0.jar:/Users/javiergarciagonzalez/.m2/repository/org/apache/tomcat/embed/tomcat-embed-core/9.0.39/tomcat-embed-core-9.0.39.jar:/Users/javiergarciagonzalez/.m2/repository/org/apache/tomcat/embed/tomcat-embed-websocket/9.0.39/tomcat-embed-websocket-9.0.39.jar:/Users/javiergarciagonzalez/.m2/repository/org/springframework/spring-web/5.3.1/spring-web-5.3.1.jar:/Users/javiergarciagonzalez/.m2/repository/org/springframework/spring-beans/5.3.1/spring-beans-5.3.1.jar:/Users/javiergarciagonzalez/.m2/repository/org/springframework/spring-webmvc/5.3.1/spring-webmvc-5.3.1.jar:/Users/javiergarciagonzalez/.m2/repository/org/springframework/spring-aop/5.3.1/spring-aop-5.3.1.jar:/Users/javiergarciagonzalez/.m2/repository/org/springframework/spring-context/5.3.1/spring-context-5.3.1.jar:/Users/javiergarciagonzalez/.m2/repository/org/springframework/spring-expression/5.3.1/spring-expression-5.3.1.jar:/Users/javiergarciagonzalez/.m2/repository/org/projectlombok/lombok/1.18.20/lombok-1.18.20.jar:/Users/javiergarciagonzalez/.m2/repository/org/springframework/boot/spring-boot-starter-validation/2.4.0/spring-boot-starter-validation-2.4.0.jar:/Users/javiergarciagonzalez/.m2/repository/org/glassfish/jakarta.el/3.0.3/jakarta.el-3.0.3.jar:/Users/javiergarciagonzalez/.m2/repository/org/hibernate/validator/hibernate-validator/6.1.6.Final/hibernate-validator-6.1.6.Final.jar:/Users/javiergarciagonzalez/.m2/repository/jakarta/validation/jakarta.validation-api/2.0.2/jakarta.validation-api-2.0.2.jar:/Users/javiergarciagonzalez/.m2/repository/org/jboss/logging/jboss-logging/3.4.1.Final/jboss-logging-3.4.1.Final.jar:/Users/javiergarciagonzalez/.m2/repository/com/fasterxml/classmate/1.5.1/classmate-1.5.1.jar:/Users/javiergarciagonzalez/.m2/repository/org/springdoc/springdoc-openapi-ui/1.5.0/springdoc-openapi-ui-1.5.0.jar:/Users/javiergarciagonzalez/.m2/repository/org/springdoc/springdoc-openapi-webmvc-core/1.5.0/springdoc-openapi-webmvc-core-1.5.0.jar:/Users/javiergarciagonzalez/.m2/repository/org/springdoc/springdoc-openapi-common/1.5.0/springdoc-openapi-common-1.5.0.jar:/Users/javiergarciagonzalez/.m2/repository/io/swagger/core/v3/swagger-models/2.1.5/swagger-models-2.1.5.jar:/Users/javiergarciagonzalez/.m2/repository/io/swagger/core/v3/swagger-annotations/2.1.5/swagger-annotations-2.1.5.jar:/Users/javiergarciagonzalez/.m2/repository/io/swagger/core/v3/swagger-integration/2.1.5/swagger-integration-2.1.5.jar:/Users/javiergarciagonzalez/.m2/repository/io/swagger/core/v3/swagger-core/2.1.5/swagger-core-2.1.5.jar:/Users/javiergarciagonzalez/.m2/repository/com/fasterxml/jackson/dataformat/jackson-dataformat-yaml/2.11.3/jackson-dataformat-yaml-2.11.3.jar:/Users/javiergarciagonzalez/.m2/repository/io/github/classgraph/classgraph/4.8.69/classgraph-4.8.69.jar:/Users/javiergarciagonzalez/.m2/repository/org/webjars/swagger-ui/3.36.1/swagger-ui-3.36.1.jar:/Users/javiergarciagonzalez/.m2/repository/org/webjars/webjars-locator-core/0.46/webjars-locator-core-0.46.jar:/Users/javiergarciagonzalez/.m2/repository/com/fasterxml/jackson/core/jackson-core/2.11.3/jackson-core-2.11.3.jar:/Users/javiergarciagonzalez/.m2/repository/net/sf/dozer/dozer/5.5.1/dozer-5.5.1.jar:/Users/javiergarciagonzalez/.m2/repository/commons-beanutils/commons-beanutils/1.9.1/commons-beanutils-1.9.1.jar:/Users/javiergarciagonzalez/.m2/repository/commons-collections/commons-collections/3.2.1/commons-collections-3.2.1.jar:/Users/javiergarciagonzalez/.m2/repository/org/apache/commons/commons-lang3/3.11/commons-lang3-3.11.jar:/Users/javiergarciagonzalez/.m2/repository/org/slf4j/slf4j-api/1.7.30/slf4j-api-1.7.30.jar:/Users/javiergarciagonzalez/.m2/repository/org/slf4j/jcl-over-slf4j/1.7.30/jcl-over-slf4j-1.7.30.jar:/Users/javiergarciagonzalez/.m2/repository/org/springframework/boot/spring-boot-starter-data-jpa/2.4.0/spring-boot-starter-data-jpa-2.4.0.jar:/Users/javiergarciagonzalez/.m2/repository/org/springframework/boot/spring-boot-starter-aop/2.4.0/spring-boot-starter-aop-2.4.0.jar:/Users/javiergarciagonzalez/.m2/repository/org/aspectj/aspectjweaver/1.9.6/aspectjweaver-1.9.6.jar:/Users/javiergarciagonzalez/.m2/repository/org/springframework/boot/spring-boot-starter-jdbc/2.4.0/spring-boot-starter-jdbc-2.4.0.jar:/Users/javiergarciagonzalez/.m2/repository/com/zaxxer/HikariCP/3.4.5/HikariCP-3.4.5.jar:/Users/javiergarciagonzalez/.m2/repository/org/springframework/spring-jdbc/5.3.1/spring-jdbc-5.3.1.jar:/Users/javiergarciagonzalez/.m2/repository/jakarta/transaction/jakarta.transaction-api/1.3.3/jakarta.transaction-api-1.3.3.jar:/Users/javiergarciagonzalez/.m2/repository/jakarta/persistence/jakarta.persistence-api/2.2.3/jakarta.persistence-api-2.2.3.jar:/Users/javiergarciagonzalez/.m2/repository/org/hibernate/hibernate-core/5.4.23.Final/hibernate-core-5.4.23.Final.jar:/Users/javiergarciagonzalez/.m2/repository/org/javassist/javassist/3.24.0-GA/javassist-3.24.0-GA.jar:/Users/javiergarciagonzalez/.m2/repository/net/bytebuddy/byte-buddy/1.10.18/byte-buddy-1.10.18.jar:/Users/javiergarciagonzalez/.m2/repository/antlr/antlr/2.7.7/antlr-2.7.7.jar:/Users/javiergarciagonzalez/.m2/repository/org/jboss/jandex/2.1.3.Final/jandex-2.1.3.Final.jar:/Users/javiergarciagonzalez/.m2/repository/org/dom4j/dom4j/2.1.3/dom4j-2.1.3.jar:/Users/javiergarciagonzalez/.m2/repository/org/hibernate/common/hibernate-commons-annotations/5.1.2.Final/hibernate-commons-annotations-5.1.2.Final.jar:/Users/javiergarciagonzalez/.m2/repository/org/glassfish/jaxb/jaxb-runtime/2.3.3/jaxb-runtime-2.3.3.jar:/Users/javiergarciagonzalez/.m2/repository/org/glassfish/jaxb/txw2/2.3.3/txw2-2.3.3.jar:/Users/javiergarciagonzalez/.m2/repository/com/sun/istack/istack-commons-runtime/3.0.11/istack-commons-runtime-3.0.11.jar:/Users/javiergarciagonzalez/.m2/repository/com/sun/activation/jakarta.activation/1.2.2/jakarta.activation-1.2.2.jar:/Users/javiergarciagonzalez/.m2/repository/org/springframework/data/spring-data-jpa/2.4.1/spring-data-jpa-2.4.1.jar:/Users/javiergarciagonzalez/.m2/repository/org/springframework/data/spring-data-commons/2.4.1/spring-data-commons-2.4.1.jar:/Users/javiergarciagonzalez/.m2/repository/org/springframework/spring-orm/5.3.1/spring-orm-5.3.1.jar:/Users/javiergarciagonzalez/.m2/repository/org/springframework/spring-tx/5.3.1/spring-tx-5.3.1.jar:/Users/javiergarciagonzalez/.m2/repository/org/springframework/spring-aspects/5.3.1/spring-aspects-5.3.1.jar:/Users/javiergarciagonzalez/.m2/repository/mysql/mysql-connector-java/8.0.22/mysql-connector-java-8.0.22.jar:/Users/javiergarciagonzalez/.m2/repository/org/springframework/boot/spring-boot-devtools/2.4.0/spring-boot-devtools-2.4.0.jar:/Users/javiergarciagonzalez/.m2/repository/org/springframework/boot/spring-boot/2.4.0/spring-boot-2.4.0.jar:/Users/javiergarciagonzalez/.m2/repository/org/springframework/boot/spring-boot-autoconfigure/2.4.0/spring-boot-autoconfigure-2.4.0.jar:/Users/javiergarciagonzalez/.m2/repository/org/springframework/boot/spring-boot-starter-test/2.4.0/spring-boot-starter-test-2.4.0.jar:/Users/javiergarciagonzalez/.m2/repository/org/springframework/boot/spring-boot-test/2.4.0/spring-boot-test-2.4.0.jar:/Users/javiergarciagonzalez/.m2/repository/org/springframework/boot/spring-boot-test-autoconfigure/2.4.0/spring-boot-test-autoconfigure-2.4.0.jar:/Users/javiergarciagonzalez/.m2/repository/com/jayway/jsonpath/json-path/2.4.0/json-path-2.4.0.jar:/Users/javiergarciagonzalez/.m2/repository/net/minidev/json-smart/2.3/json-smart-2.3.jar:/Users/javiergarciagonzalez/.m2/repository/net/minidev/accessors-smart/1.2/accessors-smart-1.2.jar:/Users/javiergarciagonzalez/.m2/repository/org/ow2/asm/asm/5.0.4/asm-5.0.4.jar:/Users/javiergarciagonzalez/.m2/repository/jakarta/xml/bind/jakarta.xml.bind-api/2.3.3/jakarta.xml.bind-api-2.3.3.jar:/Users/javiergarciagonzalez/.m2/repository/jakarta/activation/jakarta.activation-api/1.2.2/jakarta.activation-api-1.2.2.jar:/Users/javiergarciagonzalez/.m2/repository/org/assertj/assertj-core/3.18.1/assertj-core-3.18.1.jar:/Users/javiergarciagonzalez/.m2/repository/org/hamcrest/hamcrest/2.2/hamcrest-2.2.jar:/Users/javiergarciagonzalez/.m2/repository/org/junit/jupiter/junit-jupiter/5.7.0/junit-jupiter-5.7.0.jar:/Users/javiergarciagonzalez/.m2/repository/org/junit/jupiter/junit-jupiter-api/5.7.0/junit-jupiter-api-5.7.0.jar:/Users/javiergarciagonzalez/.m2/repository/org/apiguardian/apiguardian-api/1.1.0/apiguardian-api-1.1.0.jar:/Users/javiergarciagonzalez/.m2/repository/org/opentest4j/opentest4j/1.2.0/opentest4j-1.2.0.jar:/Users/javiergarciagonzalez/.m2/repository/org/junit/platform/junit-platform-commons/1.7.0/junit-platform-commons-1.7.0.jar:/Users/javiergarciagonzalez/.m2/repository/org/junit/jupiter/junit-jupiter-params/5.7.0/junit-jupiter-params-5.7.0.jar:/Users/javiergarciagonzalez/.m2/repository/org/junit/jupiter/junit-jupiter-engine/5.7.0/junit-jupiter-engine-5.7.0.jar:/Users/javiergarciagonzalez/.m2/repository/org/junit/platform/junit-platform-engine/1.7.0/junit-platform-engine-1.7.0.jar:/Users/javiergarciagonzalez/.m2/repository/org/mockito/mockito-core/3.6.0/mockito-core-3.6.0.jar:/Users/javiergarciagonzalez/.m2/repository/net/bytebuddy/byte-buddy-agent/1.10.18/byte-buddy-agent-1.10.18.jar:/Users/javiergarciagonzalez/.m2/repository/org/objenesis/objenesis/3.1/objenesis-3.1.jar:/Users/javiergarciagonzalez/.m2/repository/org/mockito/mockito-junit-jupiter/3.6.0/mockito-junit-jupiter-3.6.0.jar:/Users/javiergarciagonzalez/.m2/repository/org/skyscreamer/jsonassert/1.5.0/jsonassert-1.5.0.jar:/Users/javiergarciagonzalez/.m2/repository/com/vaadin/external/google/android-json/0.0.20131108.vaadin1/android-json-0.0.20131108.vaadin1.jar:/Users/javiergarciagonzalez/.m2/repository/org/springframework/spring-core/5.3.1/spring-core-5.3.1.jar:/Users/javiergarciagonzalez/.m2/repository/org/springframework/spring-jcl/5.3.1/spring-jcl-5.3.1.jar:/Users/javiergarciagonzalez/.m2/repository/org/springframework/spring-test/5.3.1/spring-test-5.3.1.jar:/Users/javiergarciagonzalez/.m2/repository/org/xmlunit/xmlunit-core/2.7.0/xmlunit-core-2.7.0.jar:"/>
    <property name="java.vm.vendor" value="Homebrew"/>
    <property name="sun.arch.data.model" value="64"/>
    <property name="java.vendor.url" value="https://github.com/Homebrew/homebrew-core/issues"/>
    <property name="os.name" value="Mac OS X"/>
    <property name="java.vm.specification.version" value="16"/>
    <property name="sun.java.launcher" value="SUN_STANDARD"/>
    <property name="user.country" value="NL"/>
    <property name="sun.boot.library.path" value="/usr/local/Cellar/openjdk/16.0.1/libexec/openjdk.jdk/Contents/Home/lib"/>
    <property name="sun.java.command" value="/Users/javiergarciagonzalez/Documents/Master Cloud Apps/Materia/Modulo 2/1. Tecnologias de servicios de internet/Practica2/recuperacion/master-cloud-apps_M4-A4-Databases-make-up/Java/target/surefire/surefirebooter3763819483356361330.jar /Users/javiergarciagonzalez/Documents/Master Cloud Apps/Materia/Modulo 2/1. Tecnologias de servicios de internet/Practica2/recuperacion/master-cloud-apps_M4-A4-Databases-make-up/Java/target/surefire 2021-08-21T18-47-22_405-jvmRun1 surefire17115903997608835463tmp surefire_011154091161568002242tmp"/>
    <property name="http.nonProxyHosts" value="local|*.local|169.254/16|*.169.254/16"/>
    <property name="jdk.debug" value="release"/>
    <property name="surefire.test.class.path" value="/Users/javiergarciagonzalez/Documents/Master Cloud Apps/Materia/Modulo 2/1. Tecnologias de servicios de internet/Practica2/recuperacion/master-cloud-apps_M4-A4-Databases-make-up/Java/target/test-classes:/Users/javiergarciagonzalez/Documents/Master Cloud Apps/Materia/Modulo 2/1. Tecnologias de servicios de internet/Practica2/recuperacion/master-cloud-apps_M4-A4-Databases-make-up/Java/target/classes:/Users/javiergarciagonzalez/.m2/repository/org/springframework/boot/spring-boot-starter-web/2.4.0/spring-boot-starter-web-2.4.0.jar:/Users/javiergarciagonzalez/.m2/repository/org/springframework/boot/spring-boot-starter/2.4.0/spring-boot-starter-2.4.0.jar:/Users/javiergarciagonzalez/.m2/repository/org/springframework/boot/spring-boot-starter-logging/2.4.0/spring-boot-starter-logging-2.4.0.jar:/Users/javiergarciagonzalez/.m2/repository/ch/qos/logback/logback-classic/1.2.3/logback-classic-1.2.3.jar:/Users/javiergarciagonzalez/.m2/repository/ch/qos/logback/logback-core/1.2.3/logback-core-1.2.3.jar:/Users/javiergarciagonzalez/.m2/repository/org/apache/logging/log4j/log4j-to-slf4j/2.13.3/log4j-to-slf4j-2.13.3.jar:/Users/javiergarciagonzalez/.m2/repository/org/apache/logging/log4j/log4j-api/2.13.3/log4j-api-2.13.3.jar:/Users/javiergarciagonzalez/.m2/repository/org/slf4j/jul-to-slf4j/1.7.30/jul-to-slf4j-1.7.30.jar:/Users/javiergarciagonzalez/.m2/repository/jakarta/annotation/jakarta.annotation-api/1.3.5/jakarta.annotation-api-1.3.5.jar:/Users/javiergarciagonzalez/.m2/repository/org/yaml/snakeyaml/1.27/snakeyaml-1.27.jar:/Users/javiergarciagonzalez/.m2/repository/org/springframework/boot/spring-boot-starter-json/2.4.0/spring-boot-starter-json-2.4.0.jar:/Users/javiergarciagonzalez/.m2/repository/com/fasterxml/jackson/core/jackson-databind/2.11.3/jackson-databind-2.11.3.jar:/Users/javiergarciagonzalez/.m2/repository/com/fasterxml/jackson/core/jackson-annotations/2.11.3/jackson-annotations-2.11.3.jar:/Users/javiergarciagonzalez/.m2/repository/com/fasterxml/jackson/datatype/jackson-datatype-jdk8/2.11.3/jackson-datatype-jdk8-2.11.3.jar:/Users/javiergarciagonzalez/.m2/repository/com/fasterxml/jackson/datatype/jackson-datatype-jsr310/2.11.3/jackson-datatype-jsr310-2.11.3.jar:/Users/javiergarciagonzalez/.m2/repository/com/fasterxml/jackson/module/jackson-module-parameter-names/2.11.3/jackson-module-parameter-names-2.11.3.jar:/Users/javiergarciagonzalez/.m2/repository/org/springframework/boot/spring-boot-starter-tomcat/2.4.0/spring-boot-starter-tomcat-2.4.0.jar:/Users/javiergarciagonzalez/.m2/repository/org/apache/tomcat/embed/tomcat-embed-core/9.0.39/tomcat-embed-core-9.0.39.jar:/Users/javiergarciagonzalez/.m2/repository/org/apache/tomcat/embed/tomcat-embed-websocket/9.0.39/tomcat-embed-websocket-9.0.39.jar:/Users/javiergarciagonzalez/.m2/repository/org/springframework/spring-web/5.3.1/spring-web-5.3.1.jar:/Users/javiergarciagonzalez/.m2/repository/org/springframework/spring-beans/5.3.1/spring-beans-5.3.1.jar:/Users/javiergarciagonzalez/.m2/repository/org/springframework/spring-webmvc/5.3.1/spring-webmvc-5.3.1.jar:/Users/javiergarciagonzalez/.m2/repository/org/springframework/spring-aop/5.3.1/spring-aop-5.3.1.jar:/Users/javiergarciagonzalez/.m2/repository/org/springframework/spring-context/5.3.1/spring-context-5.3.1.jar:/Users/javiergarciagonzalez/.m2/repository/org/springframework/spring-expression/5.3.1/spring-expression-5.3.1.jar:/Users/javiergarciagonzalez/.m2/repository/org/projectlombok/lombok/1.18.20/lombok-1.18.20.jar:/Users/javiergarciagonzalez/.m2/repository/org/springframework/boot/spring-boot-starter-validation/2.4.0/spring-boot-starter-validation-2.4.0.jar:/Users/javiergarciagonzalez/.m2/repository/org/glassfish/jakarta.el/3.0.3/jakarta.el-3.0.3.jar:/Users/javiergarciagonzalez/.m2/repository/org/hibernate/validator/hibernate-validator/6.1.6.Final/hibernate-validator-6.1.6.Final.jar:/Users/javiergarciagonzalez/.m2/repository/jakarta/validation/jakarta.validation-api/2.0.2/jakarta.validation-api-2.0.2.jar:/Users/javiergarciagonzalez/.m2/repository/org/jboss/logging/jboss-logging/3.4.1.Final/jboss-logging-3.4.1.Final.jar:/Users/javiergarciagonzalez/.m2/repository/com/fasterxml/classmate/1.5.1/classmate-1.5.1.jar:/Users/javiergarciagonzalez/.m2/repository/org/springdoc/springdoc-openapi-ui/1.5.0/springdoc-openapi-ui-1.5.0.jar:/Users/javiergarciagonzalez/.m2/repository/org/springdoc/springdoc-openapi-webmvc-core/1.5.0/springdoc-openapi-webmvc-core-1.5.0.jar:/Users/javiergarciagonzalez/.m2/repository/org/springdoc/springdoc-openapi-common/1.5.0/springdoc-openapi-common-1.5.0.jar:/Users/javiergarciagonzalez/.m2/repository/io/swagger/core/v3/swagger-models/2.1.5/swagger-models-2.1.5.jar:/Users/javiergarciagonzalez/.m2/repository/io/swagger/core/v3/swagger-annotations/2.1.5/swagger-annotations-2.1.5.jar:/Users/javiergarciagonzalez/.m2/repository/io/swagger/core/v3/swagger-integration/2.1.5/swagger-integration-2.1.5.jar:/Users/javiergarciagonzalez/.m2/repository/io/swagger/core/v3/swagger-core/2.1.5/swagger-core-2.1.5.jar:/Users/javiergarciagonzalez/.m2/repository/com/fasterxml/jackson/dataformat/jackson-dataformat-yaml/2.11.3/jackson-dataformat-yaml-2.11.3.jar:/Users/javiergarciagonzalez/.m2/repository/io/github/classgraph/classgraph/4.8.69/classgraph-4.8.69.jar:/Users/javiergarciagonzalez/.m2/repository/org/webjars/swagger-ui/3.36.1/swagger-ui-3.36.1.jar:/Users/javiergarciagonzalez/.m2/repository/org/webjars/webjars-locator-core/0.46/webjars-locator-core-0.46.jar:/Users/javiergarciagonzalez/.m2/repository/com/fasterxml/jackson/core/jackson-core/2.11.3/jackson-core-2.11.3.jar:/Users/javiergarciagonzalez/.m2/repository/net/sf/dozer/dozer/5.5.1/dozer-5.5.1.jar:/Users/javiergarciagonzalez/.m2/repository/commons-beanutils/commons-beanutils/1.9.1/commons-beanutils-1.9.1.jar:/Users/javiergarciagonzalez/.m2/repository/commons-collections/commons-collections/3.2.1/commons-collections-3.2.1.jar:/Users/javiergarciagonzalez/.m2/repository/org/apache/commons/commons-lang3/3.11/commons-lang3-3.11.jar:/Users/javiergarciagonzalez/.m2/repository/org/slf4j/slf4j-api/1.7.30/slf4j-api-1.7.30.jar:/Users/javiergarciagonzalez/.m2/repository/org/slf4j/jcl-over-slf4j/1.7.30/jcl-over-slf4j-1.7.30.jar:/Users/javiergarciagonzalez/.m2/repository/org/springframework/boot/spring-boot-starter-data-jpa/2.4.0/spring-boot-starter-data-jpa-2.4.0.jar:/Users/javiergarciagonzalez/.m2/repository/org/springframework/boot/spring-boot-starter-aop/2.4.0/spring-boot-starter-aop-2.4.0.jar:/Users/javiergarciagonzalez/.m2/repository/org/aspectj/aspectjweaver/1.9.6/aspectjweaver-1.9.6.jar:/Users/javiergarciagonzalez/.m2/repository/org/springframework/boot/spring-boot-starter-jdbc/2.4.0/spring-boot-starter-jdbc-2.4.0.jar:/Users/javiergarciagonzalez/.m2/repository/com/zaxxer/HikariCP/3.4.5/HikariCP-3.4.5.jar:/Users/javiergarciagonzalez/.m2/repository/org/springframework/spring-jdbc/5.3.1/spring-jdbc-5.3.1.jar:/Users/javiergarciagonzalez/.m2/repository/jakarta/transaction/jakarta.transaction-api/1.3.3/jakarta.transaction-api-1.3.3.jar:/Users/javiergarciagonzalez/.m2/repository/jakarta/persistence/jakarta.persistence-api/2.2.3/jakarta.persistence-api-2.2.3.jar:/Users/javiergarciagonzalez/.m2/repository/org/hibernate/hibernate-core/5.4.23.Final/hibernate-core-5.4.23.Final.jar:/Users/javiergarciagonzalez/.m2/repository/org/javassist/javassist/3.24.0-GA/javassist-3.24.0-GA.jar:/Users/javiergarciagonzalez/.m2/repository/net/bytebuddy/byte-buddy/1.10.18/byte-buddy-1.10.18.jar:/Users/javiergarciagonzalez/.m2/repository/antlr/antlr/2.7.7/antlr-2.7.7.jar:/Users/javiergarciagonzalez/.m2/repository/org/jboss/jandex/2.1.3.Final/jandex-2.1.3.Final.jar:/Users/javiergarciagonzalez/.m2/repository/org/dom4j/dom4j/2.1.3/dom4j-2.1.3.jar:/Users/javiergarciagonzalez/.m2/repository/org/hibernate/common/hibernate-commons-annotations/5.1.2.Final/hibernate-commons-annotations-5.1.2.Final.jar:/Users/javiergarciagonzalez/.m2/repository/org/glassfish/jaxb/jaxb-runtime/2.3.3/jaxb-runtime-2.3.3.jar:/Users/javiergarciagonzalez/.m2/repository/org/glassfish/jaxb/txw2/2.3.3/txw2-2.3.3.jar:/Users/javiergarciagonzalez/.m2/repository/com/sun/istack/istack-commons-runtime/3.0.11/istack-commons-runtime-3.0.11.jar:/Users/javiergarciagonzalez/.m2/repository/com/sun/activation/jakarta.activation/1.2.2/jakarta.activation-1.2.2.jar:/Users/javiergarciagonzalez/.m2/repository/org/springframework/data/spring-data-jpa/2.4.1/spring-data-jpa-2.4.1.jar:/Users/javiergarciagonzalez/.m2/repository/org/springframework/data/spring-data-commons/2.4.1/spring-data-commons-2.4.1.jar:/Users/javiergarciagonzalez/.m2/repository/org/springframework/spring-orm/5.3.1/spring-orm-5.3.1.jar:/Users/javiergarciagonzalez/.m2/repository/org/springframework/spring-tx/5.3.1/spring-tx-5.3.1.jar:/Users/javiergarciagonzalez/.m2/repository/org/springframework/spring-aspects/5.3.1/spring-aspects-5.3.1.jar:/Users/javiergarciagonzalez/.m2/repository/mysql/mysql-connector-java/8.0.22/mysql-connector-java-8.0.22.jar:/Users/javiergarciagonzalez/.m2/repository/org/springframework/boot/spring-boot-devtools/2.4.0/spring-boot-devtools-2.4.0.jar:/Users/javiergarciagonzalez/.m2/repository/org/springframework/boot/spring-boot/2.4.0/spring-boot-2.4.0.jar:/Users/javiergarciagonzalez/.m2/repository/org/springframework/boot/spring-boot-autoconfigure/2.4.0/spring-boot-autoconfigure-2.4.0.jar:/Users/javiergarciagonzalez/.m2/repository/org/springframework/boot/spring-boot-starter-test/2.4.0/spring-boot-starter-test-2.4.0.jar:/Users/javiergarciagonzalez/.m2/repository/org/springframework/boot/spring-boot-test/2.4.0/spring-boot-test-2.4.0.jar:/Users/javiergarciagonzalez/.m2/repository/org/springframework/boot/spring-boot-test-autoconfigure/2.4.0/spring-boot-test-autoconfigure-2.4.0.jar:/Users/javiergarciagonzalez/.m2/repository/com/jayway/jsonpath/json-path/2.4.0/json-path-2.4.0.jar:/Users/javiergarciagonzalez/.m2/repository/net/minidev/json-smart/2.3/json-smart-2.3.jar:/Users/javiergarciagonzalez/.m2/repository/net/minidev/accessors-smart/1.2/accessors-smart-1.2.jar:/Users/javiergarciagonzalez/.m2/repository/org/ow2/asm/asm/5.0.4/asm-5.0.4.jar:/Users/javiergarciagonzalez/.m2/repository/jakarta/xml/bind/jakarta.xml.bind-api/2.3.3/jakarta.xml.bind-api-2.3.3.jar:/Users/javiergarciagonzalez/.m2/repository/jakarta/activation/jakarta.activation-api/1.2.2/jakarta.activation-api-1.2.2.jar:/Users/javiergarciagonzalez/.m2/repository/org/assertj/assertj-core/3.18.1/assertj-core-3.18.1.jar:/Users/javiergarciagonzalez/.m2/repository/org/hamcrest/hamcrest/2.2/hamcrest-2.2.jar:/Users/javiergarciagonzalez/.m2/repository/org/junit/jupiter/junit-jupiter/5.7.0/junit-jupiter-5.7.0.jar:/Users/javiergarciagonzalez/.m2/repository/org/junit/jupiter/junit-jupiter-api/5.7.0/junit-jupiter-api-5.7.0.jar:/Users/javiergarciagonzalez/.m2/repository/org/apiguardian/apiguardian-api/1.1.0/apiguardian-api-1.1.0.jar:/Users/javiergarciagonzalez/.m2/repository/org/opentest4j/opentest4j/1.2.0/opentest4j-1.2.0.jar:/Users/javiergarciagonzalez/.m2/repository/org/junit/platform/junit-platform-commons/1.7.0/junit-platform-commons-1.7.0.jar:/Users/javiergarciagonzalez/.m2/repository/org/junit/jupiter/junit-jupiter-params/5.7.0/junit-jupiter-params-5.7.0.jar:/Users/javiergarciagonzalez/.m2/repository/org/junit/jupiter/junit-jupiter-engine/5.7.0/junit-jupiter-engine-5.7.0.jar:/Users/javiergarciagonzalez/.m2/repository/org/junit/platform/junit-platform-engine/1.7.0/junit-platform-engine-1.7.0.jar:/Users/javiergarciagonzalez/.m2/repository/org/mockito/mockito-core/3.6.0/mockito-core-3.6.0.jar:/Users/javiergarciagonzalez/.m2/repository/net/bytebuddy/byte-buddy-agent/1.10.18/byte-buddy-agent-1.10.18.jar:/Users/javiergarciagonzalez/.m2/repository/org/objenesis/objenesis/3.1/objenesis-3.1.jar:/Users/javiergarciagonzalez/.m2/repository/org/mockito/mockito-junit-jupiter/3.6.0/mockito-junit-jupiter-3.6.0.jar:/Users/javiergarciagonzalez/.m2/repository/org/skyscreamer/jsonassert/1.5.0/jsonassert-1.5.0.jar:/Users/javiergarciagonzalez/.m2/repository/com/vaadin/external/google/android-json/0.0.20131108.vaadin1/android-json-0.0.20131108.vaadin1.jar:/Users/javiergarciagonzalez/.m2/repository/org/springframework/spring-core/5.3.1/spring-core-5.3.1.jar:/Users/javiergarciagonzalez/.m2/repository/org/springframework/spring-jcl/5.3.1/spring-jcl-5.3.1.jar:/Users/javiergarciagonzalez/.m2/repository/org/springframework/spring-test/5.3.1/spring-test-5.3.1.jar:/Users/javiergarciagonzalez/.m2/repository/org/xmlunit/xmlunit-core/2.7.0/xmlunit-core-2.7.0.jar:"/>
    <property name="sun.cpu.endian" value="little"/>
    <property name="user.home" value="/Users/javiergarciagonzalez"/>
    <property name="user.language" value="en"/>
    <property name="java.specification.vendor" value="Oracle Corporation"/>
    <property name="java.version.date" value="2021-04-20"/>
    <property name="java.home" value="/usr/local/Cellar/openjdk/16.0.1/libexec/openjdk.jdk/Contents/Home"/>
    <property name="file.separator" value="/"/>
    <property name="basedir" value="/Users/javiergarciagonzalez/Documents/Master Cloud Apps/Materia/Modulo 2/1. Tecnologias de servicios de internet/Practica2/recuperacion/master-cloud-apps_M4-A4-Databases-make-up/Java"/>
    <property name="java.vm.compressedOopsMode" value="Zero based"/>
    <property name="line.separator" value="&#10;"/>
    <property name="java.specification.name" value="Java Platform API Specification"/>
    <property name="java.vm.specification.vendor" value="Oracle Corporation"/>
    <property name="surefire.real.class.path" value="/Users/javiergarciagonzalez/Documents/Master Cloud Apps/Materia/Modulo 2/1. Tecnologias de servicios de internet/Practica2/recuperacion/master-cloud-apps_M4-A4-Databases-make-up/Java/target/surefire/surefirebooter3763819483356361330.jar"/>
    <property name="sun.management.compiler" value="HotSpot 64-Bit Tiered Compilers"/>
    <property name="ftp.nonProxyHosts" value="local|*.local|169.254/16|*.169.254/16"/>
    <property name="java.runtime.version" value="16.0.1+0"/>
    <property name="user.name" value="javiergarciagonzalez"/>
    <property name="path.separator" value=":"/>
    <property name="os.version" value="11.5.2"/>
    <property name="java.runtime.name" value="OpenJDK Runtime Environment"/>
    <property name="file.encoding" value="UTF-8"/>
    <property name="java.vm.name" value="OpenJDK 64-Bit Server VM"/>
    <property name="java.vendor.version" value="Homebrew"/>
    <property name="localRepository" value="/Users/javiergarciagonzalez/.m2/repository"/>
    <property name="java.vendor.url.bug" value="https://github.com/Homebrew/homebrew-core/issues"/>
    <property name="java.io.tmpdir" value="/var/folders/2q/9y9lkzfs6jb7nfn5728fnq0r0000gn/T/"/>
    <property name="java.version" value="16.0.1"/>
    <property name="user.dir" value="/Users/javiergarciagonzalez/Documents/Master Cloud Apps/Materia/Modulo 2/1. Tecnologias de servicios de internet/Practica2/recuperacion/master-cloud-apps_M4-A4-Databases-make-up/Java"/>
    <property name="os.arch" value="x86_64"/>
    <property name="java.vm.specification.name" value="Java Virtual Machine Specification"/>
    <property name="java.library.path" value="/Users/javiergarciagonzalez/Library/Java/Extensions:/Library/Java/Extensions:/Network/Library/Java/Extensions:/System/Library/Java/Extensions:/usr/lib/java:."/>
    <property name="java.vm.info" value="mixed mode, sharing"/>
    <property name="java.vendor" value="Homebrew"/>
    <property name="java.vm.version" value="16.0.1+0"/>
    <property name="sun.io.unicode.encoding" value="UnicodeBig"/>
    <property name="socksNonProxyHosts" value="local|*.local|169.254/16|*.169.254/16"/>
    <property name="java.class.version" value="60.0"/>
  </properties>
  <testcase name="codeurjc.ApplicationTests" classname="codeurjc.ApplicationTests" time="0.365">
    <error message="Unable to find a @SpringBootConfiguration, you need to use @ContextConfiguration or @SpringBootTest(classes=...) with your test" type="java.lang.IllegalStateException">java.lang.IllegalStateException: Unable to find a @SpringBootConfiguration, you need to use @ContextConfiguration or @SpringBootTest(classes=...) with your test
</error>
    <system-out><![CDATA[18:47:23.001 [main] DEBUG org.springframework.test.context.BootstrapUtils - Instantiating CacheAwareContextLoaderDelegate from class [org.springframework.test.context.cache.DefaultCacheAwareContextLoaderDelegate]
18:47:23.011 [main] DEBUG org.springframework.test.context.BootstrapUtils - Instantiating BootstrapContext using constructor [public org.springframework.test.context.support.DefaultBootstrapContext(java.lang.Class,org.springframework.test.context.CacheAwareContextLoaderDelegate)]
18:47:23.040 [main] DEBUG org.springframework.test.context.BootstrapUtils - Instantiating TestContextBootstrapper for test class [codeurjc.ApplicationTests] from class [org.springframework.boot.test.context.SpringBootTestContextBootstrapper]
18:47:23.049 [main] INFO org.springframework.boot.test.context.SpringBootTestContextBootstrapper - Neither @ContextConfiguration nor @ContextHierarchy found for test class [codeurjc.ApplicationTests], using SpringBootContextLoader
18:47:23.053 [main] DEBUG org.springframework.test.context.support.AbstractContextLoader - Did not detect default resource location for test class [codeurjc.ApplicationTests]: class path resource [codeurjc/ApplicationTests-context.xml] does not exist
18:47:23.053 [main] DEBUG org.springframework.test.context.support.AbstractContextLoader - Did not detect default resource location for test class [codeurjc.ApplicationTests]: class path resource [codeurjc/ApplicationTestsContext.groovy] does not exist
18:47:23.053 [main] INFO org.springframework.test.context.support.AbstractContextLoader - Could not detect default resource locations for test class [codeurjc.ApplicationTests]: no resource found for suffixes {-context.xml, Context.groovy}.
18:47:23.054 [main] INFO org.springframework.test.context.support.AnnotationConfigContextLoaderUtils - Could not detect default configuration classes for test class [codeurjc.ApplicationTests]: ApplicationTests does not declare any static, non-private, non-final, nested classes annotated with @Configuration.
18:47:23.129 [main] DEBUG org.springframework.test.context.support.ActiveProfilesUtils - Could not find an 'annotation declaring class' for annotation type [org.springframework.test.context.ActiveProfiles] and class [codeurjc.ApplicationTests]
18:47:23.176 [main] DEBUG org.springframework.test.context.BootstrapUtils - Instantiating CacheAwareContextLoaderDelegate from class [org.springframework.test.context.cache.DefaultCacheAwareContextLoaderDelegate]
18:47:23.177 [main] DEBUG org.springframework.test.context.BootstrapUtils - Instantiating BootstrapContext using constructor [public org.springframework.test.context.support.DefaultBootstrapContext(java.lang.Class,org.springframework.test.context.CacheAwareContextLoaderDelegate)]
18:47:23.179 [main] DEBUG org.springframework.test.context.BootstrapUtils - Instantiating TestContextBootstrapper for test class [codeurjc.ApplicationTests] from class [org.springframework.boot.test.context.SpringBootTestContextBootstrapper]
18:47:23.180 [main] INFO org.springframework.boot.test.context.SpringBootTestContextBootstrapper - Neither @ContextConfiguration nor @ContextHierarchy found for test class [codeurjc.ApplicationTests], using SpringBootContextLoader
18:47:23.181 [main] DEBUG org.springframework.test.context.support.AbstractContextLoader - Did not detect default resource location for test class [codeurjc.ApplicationTests]: class path resource [codeurjc/ApplicationTests-context.xml] does not exist
18:47:23.182 [main] DEBUG org.springframework.test.context.support.AbstractContextLoader - Did not detect default resource location for test class [codeurjc.ApplicationTests]: class path resource [codeurjc/ApplicationTestsContext.groovy] does not exist
18:47:23.186 [main] INFO org.springframework.test.context.support.AbstractContextLoader - Could not detect default resource locations for test class [codeurjc.ApplicationTests]: no resource found for suffixes {-context.xml, Context.groovy}.
18:47:23.188 [main] INFO org.springframework.test.context.support.AnnotationConfigContextLoaderUtils - Could not detect default configuration classes for test class [codeurjc.ApplicationTests]: ApplicationTests does not declare any static, non-private, non-final, nested classes annotated with @Configuration.
18:47:23.193 [main] DEBUG org.springframework.test.context.support.ActiveProfilesUtils - Could not find an 'annotation declaring class' for annotation type [org.springframework.test.context.ActiveProfiles] and class [codeurjc.ApplicationTests]
18:47:23.198 [main] DEBUG org.springframework.test.context.BootstrapUtils - Instantiating CacheAwareContextLoaderDelegate from class [org.springframework.test.context.cache.DefaultCacheAwareContextLoaderDelegate]
18:47:23.199 [main] DEBUG org.springframework.test.context.BootstrapUtils - Instantiating BootstrapContext using constructor [public org.springframework.test.context.support.DefaultBootstrapContext(java.lang.Class,org.springframework.test.context.CacheAwareContextLoaderDelegate)]
18:47:23.201 [main] DEBUG org.springframework.test.context.BootstrapUtils - Instantiating TestContextBootstrapper for test class [codeurjc.ApplicationTests] from class [org.springframework.boot.test.context.SpringBootTestContextBootstrapper]
18:47:23.206 [main] INFO org.springframework.boot.test.context.SpringBootTestContextBootstrapper - Neither @ContextConfiguration nor @ContextHierarchy found for test class [codeurjc.ApplicationTests], using SpringBootContextLoader
18:47:23.208 [main] DEBUG org.springframework.test.context.support.AbstractContextLoader - Did not detect default resource location for test class [codeurjc.ApplicationTests]: class path resource [codeurjc/ApplicationTests-context.xml] does not exist
18:47:23.209 [main] DEBUG org.springframework.test.context.support.AbstractContextLoader - Did not detect default resource location for test class [codeurjc.ApplicationTests]: class path resource [codeurjc/ApplicationTestsContext.groovy] does not exist
18:47:23.210 [main] INFO org.springframework.test.context.support.AbstractContextLoader - Could not detect default resource locations for test class [codeurjc.ApplicationTests]: no resource found for suffixes {-context.xml, Context.groovy}.
18:47:23.210 [main] INFO org.springframework.test.context.support.AnnotationConfigContextLoaderUtils - Could not detect default configuration classes for test class [codeurjc.ApplicationTests]: ApplicationTests does not declare any static, non-private, non-final, nested classes annotated with @Configuration.
18:47:23.239 [main] DEBUG org.springframework.test.context.support.ActiveProfilesUtils - Could not find an 'annotation declaring class' for annotation type [org.springframework.test.context.ActiveProfiles] and class [codeurjc.ApplicationTests]
]]></system-out>
  </testcase>
</testsuite>